<?xml version="1.0" encoding="UTF-8"?>
<!-- Generated by org.testng.reporters.JUnitReportReporter -->
<testsuite hostname="DESKTOP-KA22767" failures="0" tests="1" name="maven_project.mav_proj.testing" time="5.516" errors="0" timestamp="2022-12-17T07:39:33 PST" skipped="0">
  <testcase classname="maven_project.mav_proj.testing" name="trail" time="5.516"/>
  <system-out/>
</testsuite> <!-- maven_project.mav_proj.testing -->
